<?xml version="1.0" encoding="utf-8"?><testsuites name="pytest tests"><testsuite name="pytest" errors="0" failures="0" skipped="0" tests="27" time="4.172" timestamp="2026-06-02T17:09:11.231959+00:00" hostname="agent-env-27c38834-b0f3-4175-ad71-4be96a630792"><testcase classname="tests.test_sleepcheck_api.TestAuth" name="test_auth_session_missing_session_id" time="0.270" /><testcase classname="tests.test_sleepcheck_api.TestAuth" name="test_auth_session_invalid_session_id" time="0.289" /><testcase classname="tests.test_sleepcheck_api.TestAuth" name="test_auth_me_no_token" time="0.115" /><testcase classname="tests.test_sleepcheck_api.TestAuth" name="test_auth_me_bad_token" time="0.148" /><testcase classname="tests.test_sleepcheck_api.TestAuth" name="test_auth_me_malformed_header" time="0.182" /><testcase classname="tests.test_sleepcheck_api.TestAuth" name="test_auth_logout_no_token" time="0.112" /><testcase classname="tests.test_sleepcheck_api.TestStatus" name="test_status_update_requires_auth" time="0.155" /><testcase classname="tests.test_sleepcheck_api.TestStatus" name="test_status_update_invalid_token" time="0.158" /><testcase classname="tests.test_sleepcheck_api.TestStatus" name="test_status_friends_requires_auth" time="0.111" /><testcase classname="tests.test_sleepcheck_api.TestFriends" name="test_friends_search_requires_auth" time="0.108" /><testcase classname="tests.test_sleepcheck_api.TestFriends" name="test_friends_request_requires_auth" time="0.189" /><testcase classname="tests.test_sleepcheck_api.TestFriends" name="test_friends_add_by_code_requires_auth" time="0.103" /><testcase classname="tests.test_sleepcheck_api.TestFriends" name="test_friends_requests_requires_auth" time="0.103" /><testcase classname="tests.test_sleepcheck_api.TestFriends" name="test_friends_list_requires_auth" time="0.105" /><testcase classname="tests.test_sleepcheck_api.TestFriends" name="test_friends_accept_requires_auth" time="0.104" /><testcase classname="tests.test_sleepcheck_api.TestFriends" name="test_friends_reject_requires_auth" time="0.128" /><testcase classname="tests.test_sleepcheck_api.TestAuthenticatedFlows" name="test_get_me_with_valid_token" time="0.348" /><testcase classname="tests.test_sleepcheck_api.TestAuthenticatedFlows" name="test_update_status_sleeping" time="0.109" /><testcase classname="tests.test_sleepcheck_api.TestAuthenticatedFlows" name="test_update_status_awake" time="0.120" /><testcase classname="tests.test_sleepcheck_api.TestAuthenticatedFlows" name="test_update_status_invalid_value" time="0.127" /><testcase classname="tests.test_sleepcheck_api.TestAuthenticatedFlows" name="test_friends_status_empty" time="0.146" /><testcase classname="tests.test_sleepcheck_api.TestAuthenticatedFlows" name="test_friends_list_empty" time="0.133" /><testcase classname="tests.test_sleepcheck_api.TestAuthenticatedFlows" name="test_friends_requests_empty" time="0.128" /><testcase classname="tests.test_sleepcheck_api.TestAuthenticatedFlows" name="test_friends_search" time="0.117" /><testcase classname="tests.test_sleepcheck_api.TestAuthenticatedFlows" name="test_add_friend_by_invalid_code" time="0.156" /><testcase classname="tests.test_sleepcheck_api.TestAuthenticatedFlows" name="test_add_friend_by_own_code" time="0.107" /><testcase classname="tests.test_sleepcheck_api.TestAuthenticatedFlows" name="test_logout_with_token" time="0.188" /></testsuite></testsuites>